2023/06/15 23:36:06.433 [I] [transaction.go:97]  InsertCoinTxs success! txHash: 0x89ae230560127ba2567871acddaee5c255223e6738637121a2edf29c10cf2a21 
2023/06/15 23:36:07.177 [I] [transaction.go:97]  InsertCoinTxs success! txHash: 0x816591d33ae65a603c519e1dc40372d77a13f7278daa9166bea35241978bc411 
2023/06/15 23:36:08.361 [I] [transaction.go:97]  InsertCoinTxs success! txHash: 0xd5acebc01be1caae8f701981b7f0154935813e3e74c87d3662a5d1c0293a0c15 
2023/06/15 23:36:09.083 [I] [transaction.go:97]  InsertCoinTxs success! txHash: 0xc6d4820039b74ff9af6ad0c8c720b87ea2a2c9cfa8fdeb5f32789f8593f48c46 
2023/06/15 23:36:09.855 [I] [transaction.go:97]  InsertCoinTxs success! txHash: 0x7d66b807f47ea3fa1e1e6b152eebcee2725bfd829a6792fe7041844069787383 
2023/08/22 14:12:21.710 [I] [main.go:13]  txs-analysis started! 
2023/08/22 14:12:21.831 [I] [asm_amd64.s:1371]  http server Running on http://:20800
2023/08/22 14:18:00.683 [D] [server.go:2887]  |      127.0.0.1|[43m 404 [0m|      549.1µs| nomatch|[44m GET     [0m /api/address/detail
2023/08/22 14:18:18.086 [D] [server.go:2887]  |      127.0.0.1|[43m 404 [0m|      707.4µs| nomatch|[44m GET     [0m /api/address/detail
2023/08/22 14:19:07.321 [E] [address.go:21]  Input parameter error. Please make sure and try again later. unexpected end of JSON input 
2023/08/22 14:19:07.321 [E] [address.go:25]  Input parameter error. Please make sure and try again later. 
2023/08/22 14:19:07.322 [C] [panic.go:971]  the request url is  /api/address/detail
2023/08/22 14:19:07.322 [C] [panic.go:971]  Handler crashed with error <RawSeter.QueryRows> all args must be use ptr slice
2023/08/22 14:19:07.323 [C] [panic.go:971]  D:/DevSoftWare/Go-1.16/src/runtime/panic.go:971
2023/08/22 14:19:07.323 [C] [panic.go:971]  D:/DevSoftWare/WorkSpaces/GoWorkspace/pkg/mod/github.com/astaxie/beego@v1.12.3/orm/orm_raw.go:433
2023/08/22 14:19:07.323 [C] [panic.go:971]  D:/DevSoftWare/WorkSpaces/GoWorkspace/cz/txs-analysis/models/dbModels/accountInfo.go:82
2023/08/22 14:19:07.323 [C] [panic.go:971]  D:/DevSoftWare/WorkSpaces/GoWorkspace/cz/txs-analysis/service/addressService.go:17
2023/08/22 14:19:07.323 [C] [panic.go:971]  D:/DevSoftWare/WorkSpaces/GoWorkspace/cz/txs-analysis/controllers/address.go:28
2023/08/22 14:19:07.323 [C] [panic.go:971]  D:/DevSoftWare/Go-1.16/src/reflect/value.go:476
2023/08/22 14:19:07.323 [C] [panic.go:971]  D:/DevSoftWare/Go-1.16/src/reflect/value.go:337
2023/08/22 14:19:07.324 [C] [panic.go:971]  D:/DevSoftWare/WorkSpaces/GoWorkspace/pkg/mod/github.com/astaxie/beego@v1.12.3/router.go:897
2023/08/22 14:19:07.324 [C] [panic.go:971]  D:/DevSoftWare/Go-1.16/src/net/http/server.go:2887
2023/08/22 14:19:07.324 [C] [panic.go:971]  D:/DevSoftWare/Go-1.16/src/net/http/server.go:1952
2023/08/22 14:19:07.324 [C] [panic.go:971]  D:/DevSoftWare/Go-1.16/src/runtime/asm_amd64.s:1371
2023/08/22 14:19:07.325 [server.go:3137]  [HTTP] http: superfluous response.WriteHeader call from github.com/astaxie/beego/context.(*Response).WriteHeader (context.go:230)
2023/08/22 14:19:31.744 [C] [panic.go:971]  the request url is  /api/address/detail
2023/08/22 14:19:31.744 [C] [panic.go:971]  Handler crashed with error <RawSeter.QueryRows> all args must be use ptr slice
2023/08/22 14:19:31.744 [C] [panic.go:971]  D:/DevSoftWare/Go-1.16/src/runtime/panic.go:971
2023/08/22 14:19:31.744 [C] [panic.go:971]  D:/DevSoftWare/WorkSpaces/GoWorkspace/pkg/mod/github.com/astaxie/beego@v1.12.3/orm/orm_raw.go:433
2023/08/22 14:19:31.744 [C] [panic.go:971]  D:/DevSoftWare/WorkSpaces/GoWorkspace/cz/txs-analysis/models/dbModels/accountInfo.go:82
2023/08/22 14:19:31.745 [C] [panic.go:971]  D:/DevSoftWare/WorkSpaces/GoWorkspace/cz/txs-analysis/service/addressService.go:17
2023/08/22 14:19:31.745 [C] [panic.go:971]  D:/DevSoftWare/WorkSpaces/GoWorkspace/cz/txs-analysis/controllers/address.go:28
2023/08/22 14:19:31.746 [C] [panic.go:971]  D:/DevSoftWare/Go-1.16/src/reflect/value.go:476
2023/08/22 14:19:31.746 [C] [panic.go:971]  D:/DevSoftWare/Go-1.16/src/reflect/value.go:337
2023/08/22 14:19:31.746 [C] [panic.go:971]  D:/DevSoftWare/WorkSpaces/GoWorkspace/pkg/mod/github.com/astaxie/beego@v1.12.3/router.go:897
2023/08/22 14:19:31.746 [C] [panic.go:971]  D:/DevSoftWare/Go-1.16/src/net/http/server.go:2887
2023/08/22 14:19:31.746 [C] [panic.go:971]  D:/DevSoftWare/Go-1.16/src/net/http/server.go:1952
2023/08/22 14:19:31.747 [C] [panic.go:971]  D:/DevSoftWare/Go-1.16/src/runtime/asm_amd64.s:1371
2023/08/22 14:19:31.747 [server.go:3137]  [HTTP] http: superfluous response.WriteHeader call from github.com/astaxie/beego/context.(*Response).WriteHeader (context.go:230)
2023/08/22 14:20:19.236 [C] [panic.go:971]  the request url is  /api/address/detail
2023/08/22 14:20:19.236 [C] [panic.go:971]  Handler crashed with error <RawSeter.QueryRows> all args must be use ptr slice
2023/08/22 14:20:19.236 [C] [panic.go:971]  D:/DevSoftWare/Go-1.16/src/runtime/panic.go:971
2023/08/22 14:20:19.237 [C] [panic.go:971]  D:/DevSoftWare/WorkSpaces/GoWorkspace/pkg/mod/github.com/astaxie/beego@v1.12.3/orm/orm_raw.go:433
2023/08/22 14:20:19.237 [C] [panic.go:971]  D:/DevSoftWare/WorkSpaces/GoWorkspace/cz/txs-analysis/models/dbModels/accountInfo.go:82
2023/08/22 14:20:19.238 [C] [panic.go:971]  D:/DevSoftWare/WorkSpaces/GoWorkspace/cz/txs-analysis/service/addressService.go:17
2023/08/22 14:20:19.238 [C] [panic.go:971]  D:/DevSoftWare/WorkSpaces/GoWorkspace/cz/txs-analysis/controllers/address.go:28
2023/08/22 14:20:19.238 [C] [panic.go:971]  D:/DevSoftWare/Go-1.16/src/reflect/value.go:476
2023/08/22 14:20:19.239 [C] [panic.go:971]  D:/DevSoftWare/Go-1.16/src/reflect/value.go:337
2023/08/22 14:20:19.239 [C] [panic.go:971]  D:/DevSoftWare/WorkSpaces/GoWorkspace/pkg/mod/github.com/astaxie/beego@v1.12.3/router.go:897
2023/08/22 14:20:19.240 [C] [panic.go:971]  D:/DevSoftWare/Go-1.16/src/net/http/server.go:2887
2023/08/22 14:20:19.240 [C] [panic.go:971]  D:/DevSoftWare/Go-1.16/src/net/http/server.go:1952
2023/08/22 14:20:19.247 [C] [panic.go:971]  D:/DevSoftWare/Go-1.16/src/runtime/asm_amd64.s:1371
2023/08/22 14:20:19.247 [server.go:3137]  [HTTP] http: superfluous response.WriteHeader call from github.com/astaxie/beego/context.(*Response).WriteHeader (context.go:230)
2023/08/22 14:20:30.023 [I] [main.go:13]  txs-analysis started! 
2023/08/22 14:20:30.124 [I] [asm_amd64.s:1371]  http server Running on http://:20800
2023/08/22 14:21:20.263 [I] [main.go:13]  txs-analysis started! 
2023/08/22 14:21:20.355 [I] [asm_amd64.s:1371]  http server Running on http://:20800
2023/08/22 14:21:49.805 [E] [addressService.go:19]  dbModels.GetAddressType error. <QuerySeter> no row found 
2023/08/22 14:21:53.598 [C] [panic.go:971]  the request url is  /api/address/detail
2023/08/22 14:21:53.598 [C] [panic.go:971]  Handler crashed with error <RawSeter.QueryRows> all args must be use ptr slice
2023/08/22 14:21:53.598 [C] [panic.go:971]  D:/DevSoftWare/Go-1.16/src/runtime/panic.go:971
2023/08/22 14:21:53.599 [C] [panic.go:971]  D:/DevSoftWare/WorkSpaces/GoWorkspace/pkg/mod/github.com/astaxie/beego@v1.12.3/orm/orm_raw.go:433
2023/08/22 14:21:53.599 [C] [panic.go:971]  D:/DevSoftWare/WorkSpaces/GoWorkspace/cz/txs-analysis/models/dbModels/tbTransaction.go:57
2023/08/22 14:21:53.599 [C] [panic.go:971]  D:/DevSoftWare/WorkSpaces/GoWorkspace/cz/txs-analysis/service/addressService.go:23
2023/08/22 14:21:53.599 [C] [panic.go:971]  D:/DevSoftWare/WorkSpaces/GoWorkspace/cz/txs-analysis/controllers/address.go:28
2023/08/22 14:21:53.599 [C] [panic.go:971]  D:/DevSoftWare/Go-1.16/src/reflect/value.go:476
2023/08/22 14:21:53.599 [C] [panic.go:971]  D:/DevSoftWare/Go-1.16/src/reflect/value.go:337
2023/08/22 14:21:53.599 [C] [panic.go:971]  D:/DevSoftWare/WorkSpaces/GoWorkspace/pkg/mod/github.com/astaxie/beego@v1.12.3/router.go:897
2023/08/22 14:21:53.600 [C] [panic.go:971]  D:/DevSoftWare/Go-1.16/src/net/http/server.go:2887
2023/08/22 14:21:53.600 [C] [panic.go:971]  D:/DevSoftWare/Go-1.16/src/net/http/server.go:1952
2023/08/22 14:21:53.600 [C] [panic.go:971]  D:/DevSoftWare/Go-1.16/src/runtime/asm_amd64.s:1371
2023/08/22 14:21:53.601 [server.go:3137]  [HTTP] http: superfluous response.WriteHeader call from github.com/astaxie/beego/context.(*Response).WriteHeader (context.go:230)
2023/08/22 14:22:30.113 [I] [main.go:13]  txs-analysis started! 
2023/08/22 14:22:30.206 [I] [asm_amd64.s:1371]  http server Running on http://:20800
2023/08/22 14:22:37.824 [E] [addressService.go:19]  dbModels.GetAddressType error. <QuerySeter> no row found 
2023/08/22 14:22:37.826 [E] [addressService.go:25]  dbModels.GetAddressTxInfo error. Error 1064: You have an error in your SQL syntax; check the manual that corresponds to your MySQL server version for the right syntax to use near 'DISTINCT `from`) as in_addr_count, 0 as out_addr_count, sum(amount) as in_amount' at line 1 
2023/08/22 14:22:37.826 [E] [address.go:30]  System service exception. Please try again later. Error 1064: You have an error in your SQL syntax; check the manual that corresponds to your MySQL server version for the right syntax to use near 'DISTINCT `from`) as in_addr_count, 0 as out_addr_count, sum(amount) as in_amount' at line 1 
2023/08/22 14:22:37.826 [D] [server.go:2887]  |      127.0.0.1|[42m 200 [0m|   3.3828899s|   match|[46m POST    [0m /api/address/detail   r:/apiaddress/detail
2023/08/22 14:48:40.338 [I] [main.go:13]  txs-analysis started! 
2023/08/22 14:48:40.428 [I] [asm_amd64.s:1371]  http server Running on http://:20800
2023/08/22 14:49:46.916 [E] [addressService.go:19]  dbModels.GetAddressType error. <QuerySeter> no row found 
2023/08/22 14:49:46.940 [C] [panic.go:971]  the request url is  /api/address/detail
2023/08/22 14:49:46.941 [C] [panic.go:971]  Handler crashed with error runtime error: invalid memory address or nil pointer dereference
2023/08/22 14:49:46.941 [C] [panic.go:971]  D:/DevSoftWare/Go-1.16/src/runtime/panic.go:971
2023/08/22 14:49:46.941 [C] [panic.go:971]  D:/DevSoftWare/Go-1.16/src/runtime/panic.go:212
2023/08/22 14:49:46.941 [C] [panic.go:971]  D:/DevSoftWare/Go-1.16/src/runtime/signal_windows.go:239
2023/08/22 14:49:46.941 [C] [panic.go:971]  D:/DevSoftWare/WorkSpaces/GoWorkspace/cz/txs-analysis/service/addressService.go:30
2023/08/22 14:49:46.941 [C] [panic.go:971]  D:/DevSoftWare/WorkSpaces/GoWorkspace/cz/txs-analysis/controllers/address.go:28
2023/08/22 14:49:46.942 [C] [panic.go:971]  D:/DevSoftWare/Go-1.16/src/reflect/value.go:476
2023/08/22 14:49:46.942 [C] [panic.go:971]  D:/DevSoftWare/Go-1.16/src/reflect/value.go:337
2023/08/22 14:49:46.942 [C] [panic.go:971]  D:/DevSoftWare/WorkSpaces/GoWorkspace/pkg/mod/github.com/astaxie/beego@v1.12.3/router.go:897
2023/08/22 14:49:46.942 [C] [panic.go:971]  D:/DevSoftWare/Go-1.16/src/net/http/server.go:2887
2023/08/22 14:49:46.942 [C] [panic.go:971]  D:/DevSoftWare/Go-1.16/src/net/http/server.go:1952
2023/08/22 14:49:46.942 [C] [panic.go:971]  D:/DevSoftWare/Go-1.16/src/runtime/asm_amd64.s:1371
2023/08/22 14:49:46.944 [server.go:3137]  [HTTP] http: superfluous response.WriteHeader call from github.com/astaxie/beego/context.(*Response).WriteHeader (context.go:230)
2023/08/22 14:50:10.928 [E] [addressService.go:19]  dbModels.GetAddressType error. <QuerySeter> no row found 
2023/08/22 14:50:53.885 [C] [panic.go:971]  the request url is  /api/address/detail
2023/08/22 14:50:53.885 [C] [panic.go:971]  Handler crashed with error runtime error: invalid memory address or nil pointer dereference
2023/08/22 14:50:53.885 [C] [panic.go:971]  D:/DevSoftWare/Go-1.16/src/runtime/panic.go:971
2023/08/22 14:50:53.885 [C] [panic.go:971]  D:/DevSoftWare/Go-1.16/src/runtime/panic.go:212
2023/08/22 14:50:53.886 [C] [panic.go:971]  D:/DevSoftWare/Go-1.16/src/runtime/signal_windows.go:239
2023/08/22 14:50:53.886 [C] [panic.go:971]  D:/DevSoftWare/WorkSpaces/GoWorkspace/cz/txs-analysis/service/addressService.go:30
2023/08/22 14:50:53.886 [C] [panic.go:971]  D:/DevSoftWare/WorkSpaces/GoWorkspace/cz/txs-analysis/controllers/address.go:28
2023/08/22 14:50:53.886 [C] [panic.go:971]  D:/DevSoftWare/Go-1.16/src/reflect/value.go:476
2023/08/22 14:50:53.886 [C] [panic.go:971]  D:/DevSoftWare/Go-1.16/src/reflect/value.go:337
2023/08/22 14:50:53.887 [C] [panic.go:971]  D:/DevSoftWare/WorkSpaces/GoWorkspace/pkg/mod/github.com/astaxie/beego@v1.12.3/router.go:897
2023/08/22 14:50:53.887 [C] [panic.go:971]  D:/DevSoftWare/Go-1.16/src/net/http/server.go:2887
2023/08/22 14:50:53.887 [C] [panic.go:971]  D:/DevSoftWare/Go-1.16/src/net/http/server.go:1952
2023/08/22 14:50:53.887 [C] [panic.go:971]  D:/DevSoftWare/Go-1.16/src/runtime/asm_amd64.s:1371
2023/08/22 14:50:53.888 [server.go:3137]  [HTTP] http: superfluous response.WriteHeader call from github.com/astaxie/beego/context.(*Response).WriteHeader (context.go:230)
2023/08/22 14:50:55.652 [E] [addressService.go:19]  dbModels.GetAddressType error. <QuerySeter> no row found 
2023/08/22 14:51:42.575 [I] [main.go:13]  txs-analysis started! 
2023/08/22 14:51:42.669 [I] [asm_amd64.s:1371]  http server Running on http://:20800
2023/08/22 14:52:27.397 [E] [addressService.go:19]  dbModels.GetAddressType error. <QuerySeter> no row found 
2023/08/22 14:52:27.405 [D] [server.go:2887]  |      127.0.0.1|[42m 200 [0m|    17.7947ms|   match|[46m POST    [0m /api/address/detail   r:/apiaddress/detail
2023/08/22 14:52:40.339 [E] [addressService.go:19]  dbModels.GetAddressType error. <QuerySeter> no row found 
2023/08/22 14:52:55.736 [D] [server.go:2887]  |      127.0.0.1|[42m 200 [0m|  15.3972698s|   match|[46m POST    [0m /api/address/detail   r:/apiaddress/detail
2023/08/22 14:54:30.911 [E] [addressService.go:19]  dbModels.GetAddressType error. <QuerySeter> no row found 
2023/08/22 14:54:30.914 [E] [addressService.go:25]  dbModels.GetAddressTxInfo error. <QuerySeter> no row found 
2023/08/22 14:55:10.047 [E] [address.go:30]  System service exception. Please try again later. <QuerySeter> no row found 
2023/08/22 14:55:10.047 [D] [server.go:2887]  |      127.0.0.1|[42m 200 [0m|  39.1378873s|   match|[46m POST    [0m /api/address/detail   r:/apiaddress/detail
2023/08/22 14:55:20.660 [E] [addressService.go:19]  dbModels.GetAddressType error. <QuerySeter> no row found 
2023/08/22 14:55:20.661 [E] [addressService.go:25]  dbModels.GetAddressTxInfo error. <QuerySeter> no row found 
2023/08/22 14:57:24.460 [I] [main.go:13]  txs-analysis started! 
2023/08/22 14:57:24.582 [I] [asm_amd64.s:1371]  http server Running on http://:20800
2023/08/22 14:58:03.351 [D] [server.go:2887]  |      127.0.0.1|[42m 200 [0m|   5.0228098s|   match|[46m POST    [0m /api/address/detail   r:/apiaddress/detail
2023/08/22 15:00:45.686 [D] [server.go:2887]  |      127.0.0.1|[42m 200 [0m|  10.4891904s|   match|[46m POST    [0m /api/address/detail   r:/apiaddress/detail
2023/08/22 15:01:37.254 [D] [server.go:2887]  |      127.0.0.1|[42m 200 [0m|  49.7296751s|   match|[46m POST    [0m /api/address/detail   r:/apiaddress/detail
2023/08/22 15:03:10.120 [I] [main.go:13]  txs-analysis started! 
2023/08/22 15:03:10.224 [I] [asm_amd64.s:1371]  http server Running on http://:20800
2023/08/22 15:03:12.511 [C] [panic.go:971]  the request url is  /api/address/detail
2023/08/22 15:03:12.512 [C] [panic.go:971]  Handler crashed with error reflect: call of reflect.Value.Type on zero Value
2023/08/22 15:03:12.512 [C] [panic.go:971]  D:/DevSoftWare/Go-1.16/src/runtime/panic.go:971
2023/08/22 15:03:12.512 [C] [panic.go:971]  D:/DevSoftWare/Go-1.16/src/reflect/value.go:1908
2023/08/22 15:03:12.513 [C] [panic.go:971]  D:/DevSoftWare/WorkSpaces/GoWorkspace/pkg/mod/github.com/astaxie/beego@v1.12.3/orm/orm_raw.go:295
2023/08/22 15:03:12.513 [C] [panic.go:971]  D:/DevSoftWare/WorkSpaces/GoWorkspace/cz/txs-analysis/models/dbModels/accountInfo.go:82
2023/08/22 15:03:12.513 [C] [panic.go:971]  D:/DevSoftWare/WorkSpaces/GoWorkspace/cz/txs-analysis/service/addressService.go:17
2023/08/22 15:03:12.513 [C] [panic.go:971]  D:/DevSoftWare/WorkSpaces/GoWorkspace/cz/txs-analysis/controllers/address.go:28
2023/08/22 15:03:12.513 [C] [panic.go:971]  D:/DevSoftWare/Go-1.16/src/reflect/value.go:476
2023/08/22 15:03:12.513 [C] [panic.go:971]  D:/DevSoftWare/Go-1.16/src/reflect/value.go:337
2023/08/22 15:03:12.513 [C] [panic.go:971]  D:/DevSoftWare/WorkSpaces/GoWorkspace/pkg/mod/github.com/astaxie/beego@v1.12.3/router.go:897
2023/08/22 15:03:12.514 [C] [panic.go:971]  D:/DevSoftWare/Go-1.16/src/net/http/server.go:2887
2023/08/22 15:03:12.515 [C] [panic.go:971]  D:/DevSoftWare/Go-1.16/src/net/http/server.go:1952
2023/08/22 15:03:12.516 [C] [panic.go:971]  D:/DevSoftWare/Go-1.16/src/runtime/asm_amd64.s:1371
2023/08/22 15:03:12.518 [server.go:3137]  [HTTP] http: superfluous response.WriteHeader call from github.com/astaxie/beego/context.(*Response).WriteHeader (context.go:230)
2023/08/22 15:06:47.679 [I] [main.go:13]  txs-analysis started! 
2023/08/22 15:06:47.769 [I] [asm_amd64.s:1371]  http server Running on http://:20800
2023/08/22 15:07:06.158 [I] [main.go:13]  txs-analysis started! 
2023/08/22 15:07:06.254 [I] [asm_amd64.s:1371]  http server Running on http://:20800
2023/08/22 15:08:55.418 [I] [main.go:13]  txs-analysis started! 
2023/08/22 15:08:55.503 [I] [asm_amd64.s:1371]  http server Running on http://:20800
2023/08/22 15:11:54.426 [D] [server.go:2887]  |      127.0.0.1|[42m 200 [0m|2m41.6021014s|   match|[46m POST    [0m /api/address/detail   r:/apiaddress/detail
2023/08/22 15:12:24.213 [D] [server.go:2887]  |      127.0.0.1|[42m 200 [0m|  26.4322263s|   match|[46m POST    [0m /api/address/detail   r:/apiaddress/detail
2023/08/22 15:13:15.353 [D] [server.go:2887]  |      127.0.0.1|[42m 200 [0m|  48.7789452s|   match|[46m POST    [0m /api/address/detail   r:/apiaddress/detail
2023/08/22 15:15:35.702 [I] [main.go:13]  txs-analysis started! 
2023/08/22 15:15:35.844 [I] [asm_amd64.s:1371]  http server Running on http://:20800
2023/08/22 15:15:59.609 [C] [panic.go:971]  the request url is  /api/address/detail
2023/08/22 15:15:59.609 [C] [panic.go:971]  Handler crashed with error runtime error: invalid memory address or nil pointer dereference
2023/08/22 15:15:59.609 [C] [panic.go:971]  D:/DevSoftWare/Go-1.16/src/runtime/panic.go:971
2023/08/22 15:15:59.609 [C] [panic.go:971]  D:/DevSoftWare/Go-1.16/src/runtime/panic.go:212
2023/08/22 15:15:59.609 [C] [panic.go:971]  D:/DevSoftWare/Go-1.16/src/runtime/signal_windows.go:239
2023/08/22 15:15:59.609 [C] [panic.go:971]  D:/DevSoftWare/WorkSpaces/GoWorkspace/cz/txs-analysis/service/addressService.go:31
2023/08/22 15:15:59.610 [C] [panic.go:971]  D:/DevSoftWare/WorkSpaces/GoWorkspace/cz/txs-analysis/controllers/address.go:28
2023/08/22 15:15:59.610 [C] [panic.go:971]  D:/DevSoftWare/Go-1.16/src/reflect/value.go:476
2023/08/22 15:15:59.610 [C] [panic.go:971]  D:/DevSoftWare/Go-1.16/src/reflect/value.go:337
2023/08/22 15:15:59.610 [C] [panic.go:971]  D:/DevSoftWare/WorkSpaces/GoWorkspace/pkg/mod/github.com/astaxie/beego@v1.12.3/router.go:897
2023/08/22 15:15:59.610 [C] [panic.go:971]  D:/DevSoftWare/Go-1.16/src/net/http/server.go:2887
2023/08/22 15:15:59.610 [C] [panic.go:971]  D:/DevSoftWare/Go-1.16/src/net/http/server.go:1952
2023/08/22 15:15:59.610 [C] [panic.go:971]  D:/DevSoftWare/Go-1.16/src/runtime/asm_amd64.s:1371
2023/08/22 15:15:59.611 [server.go:3137]  [HTTP] http: superfluous response.WriteHeader call from github.com/astaxie/beego/context.(*Response).WriteHeader (context.go:230)
2023/08/22 15:18:57.268 [C] [panic.go:971]  the request url is  /api/address/detail
2023/08/22 15:18:57.268 [C] [panic.go:971]  Handler crashed with error runtime error: invalid memory address or nil pointer dereference
2023/08/22 15:18:57.268 [C] [panic.go:971]  D:/DevSoftWare/Go-1.16/src/runtime/panic.go:971
2023/08/22 15:18:57.269 [C] [panic.go:971]  D:/DevSoftWare/Go-1.16/src/runtime/panic.go:212
2023/08/22 15:18:57.269 [C] [panic.go:971]  D:/DevSoftWare/Go-1.16/src/runtime/signal_windows.go:239
2023/08/22 15:18:57.269 [C] [panic.go:971]  D:/DevSoftWare/WorkSpaces/GoWorkspace/cz/txs-analysis/service/addressService.go:31
2023/08/22 15:18:57.269 [C] [panic.go:971]  D:/DevSoftWare/WorkSpaces/GoWorkspace/cz/txs-analysis/controllers/address.go:28
2023/08/22 15:18:57.269 [C] [panic.go:971]  D:/DevSoftWare/Go-1.16/src/reflect/value.go:476
2023/08/22 15:18:57.269 [C] [panic.go:971]  D:/DevSoftWare/Go-1.16/src/reflect/value.go:337
2023/08/22 15:18:57.269 [C] [panic.go:971]  D:/DevSoftWare/WorkSpaces/GoWorkspace/pkg/mod/github.com/astaxie/beego@v1.12.3/router.go:897
2023/08/22 15:18:57.270 [C] [panic.go:971]  D:/DevSoftWare/Go-1.16/src/net/http/server.go:2887
2023/08/22 15:18:57.270 [C] [panic.go:971]  D:/DevSoftWare/Go-1.16/src/net/http/server.go:1952
2023/08/22 15:18:57.270 [C] [panic.go:971]  D:/DevSoftWare/Go-1.16/src/runtime/asm_amd64.s:1371
2023/08/22 15:18:57.270 [server.go:3137]  [HTTP] http: superfluous response.WriteHeader call from github.com/astaxie/beego/context.(*Response).WriteHeader (context.go:230)
2023/08/22 15:26:37.295 [I] [main.go:13]  txs-analysis started! 
2023/08/22 15:26:37.384 [I] [asm_amd64.s:1371]  http server Running on http://:20800
2023/08/22 15:29:15.973 [D] [server.go:2887]  |      127.0.0.1|[42m 200 [0m|  27.8293699s|   match|[46m POST    [0m /api/address/detail   r:/apiaddress/detail
2023/08/22 15:57:35.668 [I] [main.go:13]  txs-analysis started! 
2023/08/22 15:57:35.773 [I] [asm_amd64.s:1371]  http server Running on http://:20800
2023/08/22 15:57:51.250 [E] [addressService.go:24]  dbModels.GetAddressTxInfo error. Error 1054: Unknown column 'in_amount' in 'field list' 
2023/08/22 15:57:51.250 [E] [address.go:30]  System service exception. Please try again later. Error 1054: Unknown column 'in_amount' in 'field list' 
2023/08/22 15:57:51.250 [D] [server.go:2887]  |      127.0.0.1|[42m 200 [0m|   539.8429ms|   match|[46m POST    [0m /api/address/detail   r:/apiaddress/detail
2023/08/22 16:01:05.837 [I] [main.go:13]  txs-analysis started! 
2023/08/22 16:01:05.932 [I] [asm_amd64.s:1371]  http server Running on http://:20800
2023/08/22 16:01:14.609 [D] [server.go:2887]  |      127.0.0.1|[42m 200 [0m|   3.8616258s|   match|[46m POST    [0m /api/address/detail   r:/apiaddress/detail
